
> ruet_cse_archive@1.0.0 build
> next build

   Î“Ă»â–“ Next.js 15.3.5

   Creating an optimized production build ...
Generating .flowbite-react\class-list.json file...
 Î“ÂŁĂ´ Compiled successfully in 36.0s
   Linting and checking validity of types ...
   Collecting page data ...
   Generating static pages (0/28) ...
   Generating static pages (7/28) 
   Generating static pages (14/28) 
   Generating static pages (21/28) 
 Î“ÂŁĂ´ Generating static pages (28/28)
   Finalizing page optimization ...
   Collecting build traces ...

Route (app)                                 Size  First Load JS
Î“Ă¶Ă® Î“ĂąĂŻ /                                    2.88 kB         150 kB
Î“Ă¶ÂŁ Î“ĂąĂŻ /_not-found                            172 B         102 kB
Î“Ă¶ÂŁ â•žĂ† /admin/api-keys                        172 B         102 kB
Î“Ă¶ÂŁ Î“ĂąĂŻ /admin/migrate                       5.86 kB         158 kB
Î“Ă¶ÂŁ Î“ĂąĂŻ /alumni                              48.7 kB         154 kB
Î“Ă¶ÂŁ â•žĂ† /api/admin/api-keys                    172 B         102 kB
Î“Ă¶ÂŁ â•žĂ† /api/ai-chat                           172 B         102 kB
Î“Ă¶ÂŁ â•žĂ† /api/codesnap/[id]                     172 B         102 kB
Î“Ă¶ÂŁ â•žĂ† /api/doubt-notifications               172 B         102 kB
Î“Ă¶ÂŁ â•žĂ† /api/drive                             172 B         102 kB
Î“Ă¶ÂŁ Î“ĂąĂŻ /codelibrary                         3.21 kB         487 kB
Î“Ă¶ÂŁ â•žĂ† /codelibrary/[id]                    2.15 kB         490 kB
Î“Ă¶ÂŁ Î“ĂąĂŻ /contact&help/developers             6.59 kB         168 kB
Î“Ă¶ÂŁ Î“ĂąĂŻ /contact&help/doubts                 3.87 kB         468 kB
Î“Ă¶ÂŁ Î“ĂąĂŻ /contact&help/help                   3.97 kB         167 kB
Î“Ă¶ÂŁ Î“ĂąĂŻ /contact&help/statistics             76.1 kB         228 kB
Î“Ă¶ÂŁ Î“ĂąĂŻ /drive                                2.3 kB         149 kB
Î“Ă¶ÂŁ â•žĂ† /drive/[id]                          2.87 kB         150 kB
Î“Ă¶ÂŁ Î“ĂąĂŻ /icon.png                                0 B            0 B
Î“Ă¶ÂŁ Î“ĂąĂŻ /resources                           1.56 kB         112 kB
Î“Ă¶ÂŁ Î“ĂąĂŻ /reviewers/dashboard                 5.62 kB         476 kB
Î“Ă¶ÂŁ Î“ĂąĂŻ /robots.txt                            172 B         102 kB
Î“Ă¶ÂŁ Î“ĂąĂŻ /shelf                               2.58 kB         154 kB
Î“Ă¶ÂŁ Î“ĂąĂŻ /sitemap.xml                           172 B         102 kB
Î“Ă¶ÂŁ Î“ĂąĂŻ /user/create                         2.55 kB         166 kB
Î“Ă¶ÂŁ Î“ĂąĂŻ /user/dashboard                      11.7 kB         489 kB
Î“Ă¶ÂŁ Î“ĂąĂŻ /user/login                          5.99 kB         113 kB
Î“Ă¶ÂŁ Î“ĂąĂŻ /user/my-doubts                       3.9 kB         471 kB
Î“Ă¶Ă¶ Î“ĂąĂŻ /user/notifications                     7 kB         166 kB
+ First Load JS shared by all             102 kB
  Î“Ă¶ÂŁ chunks/1684-c04eeed3efbcd9ee.js      46.6 kB
  Î“Ă¶ÂŁ chunks/4bd1b696-fbdb3b15e7e9a35d.js  53.2 kB
  Î“Ă¶Ă¶ other shared chunks (total)          2.09 kB


Î“ĂąĂŻ  (Static)   prerendered as static content
â•žĂ†  (Dynamic)  server-rendered on demand

